<?xml version="1.0" encoding="UTF-8"?>
<!-- Generated by org.testng.reporters.JUnitXMLReporter -->
<testsuite ignored="2" hostname="DESKTOP-IN41SNK" failures="0" tests="4" name="Test" time="21.438" errors="0" timestamp="2024-12-27T09:56:56 IST">
  <testcase classname="com.crm.testscript.LeadsModule" name="createLead" time="1.825"/>
  <testcase classname="com.crm.testscript.LeadsModule" name="deleteLead" time="9.417"/>
  <testcase classname="com.crm.testscript.CampaignModule" name="createCampaign" time="1.463"/>
  <testcase classname="com.crm.testscript.CampaignModule" name="deleteCampaign" time="3.28"/>
  <testcase classname="com.crm.generic.BaseClass" name="@BeforeTest openBrowser" time="0.0">
    <ignored/>
  </testcase> <!-- @BeforeTest openBrowser -->
  <testcase classname="com.crm.generic.BaseClass" name="@AfterTest closeBrowser" time="0.0">
    <ignored/>
  </testcase> <!-- @AfterTest closeBrowser -->
</testsuite> <!-- Test -->
