<?xml version="1.0" encoding="UTF-8"?>
<testng-results ignored="0" total="4" passed="4" failed="0" skipped="0">
  <reporter-output>
    <line>
      <![CDATA[open browser]]>
    </line>
    <line>
      <![CDATA[login]]>
    </line>
    <line>
      <![CDATA[Lead created]]>
    </line>
    <line>
      <![CDATA[logout]]>
    </line>
    <line>
      <![CDATA[login]]>
    </line>
    <line>
      <![CDATA[Lead deleted]]>
    </line>
    <line>
      <![CDATA[logout]]>
    </line>
    <line>
      <![CDATA[login]]>
    </line>
    <line>
      <![CDATA[Campaign created]]>
    </line>
    <line>
      <![CDATA[logout]]>
    </line>
    <line>
      <![CDATA[login]]>
    </line>
    <line>
      <![CDATA[Campaign deleted]]>
    </line>
    <line>
      <![CDATA[logout]]>
    </line>
    <line>
      <![CDATA[close browser]]>
    </line>
  </reporter-output>
  <suite started-at="2024-12-27T10:17:12 IST" name="Suite" finished-at="2024-12-27T10:17:37 IST" duration-ms="24640">
    <groups>
    </groups>
    <test started-at="2024-12-27T10:17:12 IST" name="Test" finished-at="2024-12-27T10:17:37 IST" duration-ms="24640">
      <class name="com.crm.testscript.CampaignModule">
        <test-method is-config="true" signature="login()[pri:0, instance:com.crm.testscript.CampaignModule@1fa121e2]" started-at="2024-12-27T10:17:28 IST" name="login" finished-at="2024-12-27T10:17:29 IST" duration-ms="389" status="PASS">
          <reporter-output>
            <line>
              <![CDATA[login]]>
            </line>
          </reporter-output>
        </test-method> <!-- login -->
        <test-method signature="createCampaign()[pri:0, instance:com.crm.testscript.CampaignModule@1fa121e2]" started-at="2024-12-27T10:17:29 IST" name="createCampaign" finished-at="2024-12-27T10:17:31 IST" duration-ms="2219" status="PASS">
          <reporter-output>
            <line>
              <![CDATA[Campaign created]]>
            </line>
          </reporter-output>
        </test-method> <!-- createCampaign -->
        <test-method is-config="true" signature="logout()[pri:0, instance:com.crm.testscript.CampaignModule@1fa121e2]" started-at="2024-12-27T10:17:31 IST" name="logout" finished-at="2024-12-27T10:17:31 IST" duration-ms="156" status="PASS">
          <reporter-output>
            <line>
              <![CDATA[logout]]>
            </line>
          </reporter-output>
        </test-method> <!-- logout -->
        <test-method is-config="true" signature="login()[pri:0, instance:com.crm.testscript.CampaignModule@1fa121e2]" started-at="2024-12-27T10:17:31 IST" name="login" finished-at="2024-12-27T10:17:32 IST" duration-ms="469" status="PASS">
          <reporter-output>
            <line>
              <![CDATA[login]]>
            </line>
          </reporter-output>
        </test-method> <!-- login -->
        <test-method signature="deleteCampaign()[pri:0, instance:com.crm.testscript.CampaignModule@1fa121e2]" started-at="2024-12-27T10:17:32 IST" name="deleteCampaign" finished-at="2024-12-27T10:17:35 IST" duration-ms="3781" status="PASS">
          <reporter-output>
            <line>
              <![CDATA[Campaign deleted]]>
            </line>
          </reporter-output>
        </test-method> <!-- deleteCampaign -->
        <test-method is-config="true" signature="logout()[pri:0, instance:com.crm.testscript.CampaignModule@1fa121e2]" started-at="2024-12-27T10:17:35 IST" name="logout" finished-at="2024-12-27T10:17:36 IST" duration-ms="983" status="PASS">
          <reporter-output>
            <line>
              <![CDATA[logout]]>
            </line>
          </reporter-output>
        </test-method> <!-- logout -->
      </class> <!-- com.crm.testscript.CampaignModule -->
      <class name="com.crm.testscript.LeadsModule">
        <test-method is-config="true" signature="openBrowser()[pri:0, instance:com.crm.testscript.LeadsModule@185a6e9]" started-at="2024-12-27T10:17:12 IST" name="openBrowser" finished-at="2024-12-27T10:17:15 IST" duration-ms="3000" status="PASS">
          <reporter-output>
            <line>
              <![CDATA[open browser]]>
            </line>
          </reporter-output>
        </test-method> <!-- openBrowser -->
        <test-method is-config="true" signature="login()[pri:0, instance:com.crm.testscript.LeadsModule@185a6e9]" started-at="2024-12-27T10:17:15 IST" name="login" finished-at="2024-12-27T10:17:16 IST" duration-ms="462" status="PASS">
          <reporter-output>
            <line>
              <![CDATA[login]]>
            </line>
          </reporter-output>
        </test-method> <!-- login -->
        <test-method signature="createLead()[pri:0, instance:com.crm.testscript.LeadsModule@185a6e9]" started-at="2024-12-27T10:17:16 IST" name="createLead" finished-at="2024-12-27T10:17:17 IST" duration-ms="1859" status="PASS">
          <reporter-output>
            <line>
              <![CDATA[Lead created]]>
            </line>
          </reporter-output>
        </test-method> <!-- createLead -->
        <test-method is-config="true" signature="logout()[pri:0, instance:com.crm.testscript.LeadsModule@185a6e9]" started-at="2024-12-27T10:17:17 IST" name="logout" finished-at="2024-12-27T10:17:18 IST" duration-ms="194" status="PASS">
          <reporter-output>
            <line>
              <![CDATA[logout]]>
            </line>
          </reporter-output>
        </test-method> <!-- logout -->
        <test-method is-config="true" signature="login()[pri:0, instance:com.crm.testscript.LeadsModule@185a6e9]" started-at="2024-12-27T10:17:18 IST" name="login" finished-at="2024-12-27T10:17:18 IST" duration-ms="385" status="PASS">
          <reporter-output>
            <line>
              <![CDATA[login]]>
            </line>
          </reporter-output>
        </test-method> <!-- login -->
        <test-method signature="deleteLead()[pri:0, instance:com.crm.testscript.LeadsModule@185a6e9]" started-at="2024-12-27T10:17:18 IST" name="deleteLead" finished-at="2024-12-27T10:17:28 IST" duration-ms="9619" status="PASS">
          <reporter-output>
            <line>
              <![CDATA[Lead deleted]]>
            </line>
          </reporter-output>
        </test-method> <!-- deleteLead -->
        <test-method is-config="true" signature="logout()[pri:0, instance:com.crm.testscript.LeadsModule@185a6e9]" started-at="2024-12-27T10:17:28 IST" name="logout" finished-at="2024-12-27T10:17:28 IST" duration-ms="753" status="PASS">
          <reporter-output>
            <line>
              <![CDATA[logout]]>
            </line>
          </reporter-output>
        </test-method> <!-- logout -->
        <test-method is-config="true" signature="closeBrowser()[pri:0, instance:com.crm.testscript.LeadsModule@185a6e9]" started-at="2024-12-27T10:17:36 IST" name="closeBrowser" finished-at="2024-12-27T10:17:37 IST" duration-ms="280" status="PASS">
          <reporter-output>
            <line>
              <![CDATA[close browser]]>
            </line>
          </reporter-output>
        </test-method> <!-- closeBrowser -->
      </class> <!-- com.crm.testscript.LeadsModule -->
    </test> <!-- Test -->
  </suite> <!-- Suite -->
</testng-results>
