<?xml version="1.0" encoding="UTF-8"?>
<testng-results ignored="0" total="4" passed="4" failed="0" skipped="0">
  <reporter-output>
    <line>
      <![CDATA[open browser]]>
    </line>
    <line>
      <![CDATA[login]]>
    </line>
    <line>
      <![CDATA[Lead created]]>
    </line>
    <line>
      <![CDATA[logout]]>
    </line>
    <line>
      <![CDATA[login]]>
    </line>
    <line>
      <![CDATA[Lead deleted]]>
    </line>
    <line>
      <![CDATA[logout]]>
    </line>
    <line>
      <![CDATA[login]]>
    </line>
    <line>
      <![CDATA[Campaign created]]>
    </line>
    <line>
      <![CDATA[logout]]>
    </line>
    <line>
      <![CDATA[login]]>
    </line>
    <line>
      <![CDATA[Campaign deleted]]>
    </line>
    <line>
      <![CDATA[logout]]>
    </line>
    <line>
      <![CDATA[close browser]]>
    </line>
  </reporter-output>
  <suite started-at="2024-12-27T09:56:34 IST" name="Suite" finished-at="2024-12-27T09:56:56 IST" duration-ms="21438">
    <groups>
    </groups>
    <test started-at="2024-12-27T09:56:34 IST" name="Test" finished-at="2024-12-27T09:56:56 IST" duration-ms="21438">
      <class name="com.crm.testscript.CampaignModule">
        <test-method is-config="true" signature="login()[pri:0, instance:com.crm.testscript.CampaignModule@1fa121e2]" started-at="2024-12-27T09:56:49 IST" name="login" finished-at="2024-12-27T09:56:50 IST" duration-ms="328" status="PASS">
          <reporter-output>
            <line>
              <![CDATA[login]]>
            </line>
          </reporter-output>
        </test-method> <!-- login -->
        <test-method signature="createCampaign()[pri:0, instance:com.crm.testscript.CampaignModule@1fa121e2]" started-at="2024-12-27T09:56:50 IST" name="createCampaign" finished-at="2024-12-27T09:56:51 IST" duration-ms="1463" status="PASS">
          <reporter-output>
            <line>
              <![CDATA[Campaign created]]>
            </line>
          </reporter-output>
        </test-method> <!-- createCampaign -->
        <test-method is-config="true" signature="logout()[pri:0, instance:com.crm.testscript.CampaignModule@1fa121e2]" started-at="2024-12-27T09:56:51 IST" name="logout" finished-at="2024-12-27T09:56:51 IST" duration-ms="131" status="PASS">
          <reporter-output>
            <line>
              <![CDATA[logout]]>
            </line>
          </reporter-output>
        </test-method> <!-- logout -->
        <test-method is-config="true" signature="login()[pri:0, instance:com.crm.testscript.CampaignModule@1fa121e2]" started-at="2024-12-27T09:56:51 IST" name="login" finished-at="2024-12-27T09:56:52 IST" duration-ms="321" status="PASS">
          <reporter-output>
            <line>
              <![CDATA[login]]>
            </line>
          </reporter-output>
        </test-method> <!-- login -->
        <test-method signature="deleteCampaign()[pri:0, instance:com.crm.testscript.CampaignModule@1fa121e2]" started-at="2024-12-27T09:56:52 IST" name="deleteCampaign" finished-at="2024-12-27T09:56:55 IST" duration-ms="3280" status="PASS">
          <reporter-output>
            <line>
              <![CDATA[Campaign deleted]]>
            </line>
          </reporter-output>
        </test-method> <!-- deleteCampaign -->
        <test-method is-config="true" signature="logout()[pri:0, instance:com.crm.testscript.CampaignModule@1fa121e2]" started-at="2024-12-27T09:56:55 IST" name="logout" finished-at="2024-12-27T09:56:56 IST" duration-ms="566" status="PASS">
          <reporter-output>
            <line>
              <![CDATA[logout]]>
            </line>
          </reporter-output>
        </test-method> <!-- logout -->
      </class> <!-- com.crm.testscript.CampaignModule -->
      <class name="com.crm.testscript.LeadsModule">
        <test-method is-config="true" signature="openBrowser()[pri:0, instance:com.crm.testscript.LeadsModule@185a6e9]" started-at="2024-12-27T09:56:34 IST" name="openBrowser" finished-at="2024-12-27T09:56:36 IST" duration-ms="2080" status="PASS">
          <reporter-output>
            <line>
              <![CDATA[open browser]]>
            </line>
          </reporter-output>
        </test-method> <!-- openBrowser -->
        <test-method is-config="true" signature="login()[pri:0, instance:com.crm.testscript.LeadsModule@185a6e9]" started-at="2024-12-27T09:56:36 IST" name="login" finished-at="2024-12-27T09:56:37 IST" duration-ms="451" status="PASS">
          <reporter-output>
            <line>
              <![CDATA[login]]>
            </line>
          </reporter-output>
        </test-method> <!-- login -->
        <test-method signature="createLead()[pri:0, instance:com.crm.testscript.LeadsModule@185a6e9]" started-at="2024-12-27T09:56:37 IST" name="createLead" finished-at="2024-12-27T09:56:39 IST" duration-ms="1825" status="PASS">
          <reporter-output>
            <line>
              <![CDATA[Lead created]]>
            </line>
          </reporter-output>
        </test-method> <!-- createLead -->
        <test-method is-config="true" signature="logout()[pri:0, instance:com.crm.testscript.LeadsModule@185a6e9]" started-at="2024-12-27T09:56:39 IST" name="logout" finished-at="2024-12-27T09:56:39 IST" duration-ms="132" status="PASS">
          <reporter-output>
            <line>
              <![CDATA[logout]]>
            </line>
          </reporter-output>
        </test-method> <!-- logout -->
        <test-method is-config="true" signature="login()[pri:0, instance:com.crm.testscript.LeadsModule@185a6e9]" started-at="2024-12-27T09:56:39 IST" name="login" finished-at="2024-12-27T09:56:39 IST" duration-ms="319" status="PASS">
          <reporter-output>
            <line>
              <![CDATA[login]]>
            </line>
          </reporter-output>
        </test-method> <!-- login -->
        <test-method signature="deleteLead()[pri:0, instance:com.crm.testscript.LeadsModule@185a6e9]" started-at="2024-12-27T09:56:39 IST" name="deleteLead" finished-at="2024-12-27T09:56:49 IST" duration-ms="9417" status="PASS">
          <reporter-output>
            <line>
              <![CDATA[Lead deleted]]>
            </line>
          </reporter-output>
        </test-method> <!-- deleteLead -->
        <test-method is-config="true" signature="logout()[pri:0, instance:com.crm.testscript.LeadsModule@185a6e9]" started-at="2024-12-27T09:56:49 IST" name="logout" finished-at="2024-12-27T09:56:49 IST" duration-ms="810" status="PASS">
          <reporter-output>
            <line>
              <![CDATA[logout]]>
            </line>
          </reporter-output>
        </test-method> <!-- logout -->
        <test-method is-config="true" signature="closeBrowser()[pri:0, instance:com.crm.testscript.LeadsModule@185a6e9]" started-at="2024-12-27T09:56:56 IST" name="closeBrowser" finished-at="2024-12-27T09:56:56 IST" duration-ms="236" status="PASS">
          <reporter-output>
            <line>
              <![CDATA[close browser]]>
            </line>
          </reporter-output>
        </test-method> <!-- closeBrowser -->
      </class> <!-- com.crm.testscript.LeadsModule -->
    </test> <!-- Test -->
  </suite> <!-- Suite -->
</testng-results>
