<?xml version="1.0" encoding="UTF-8"?>
<!-- Generated by org.testng.reporters.JUnitXMLReporter -->
<testsuite ignored="4" hostname="DESKTOP-IN41SNK" failures="0" tests="4" name="Default test" time="30.865" errors="0" timestamp="2024-12-27T09:55:15 IST">
  <testcase classname="com.crm.testscript.CampaignModule" name="createCampaign" time="7.681"/>
  <testcase classname="com.crm.testscript.CampaignModule" name="deleteCampaign" time="3.59"/>
  <testcase classname="com.crm.testscript.LeadsModule" name="createLead" time="1.467"/>
  <testcase classname="com.crm.testscript.LeadsModule" name="deleteLead" time="9.696"/>
  <testcase classname="com.crm.generic.BaseClass" name="@AfterTest closeBrowser" time="0.0">
    <ignored/>
  </testcase> <!-- @AfterTest closeBrowser -->
  <testcase classname="com.crm.generic.BaseClass" name="@AfterTest closeBrowser" time="0.0">
    <ignored/>
  </testcase> <!-- @AfterTest closeBrowser -->
  <testcase classname="com.crm.generic.BaseClass" name="@BeforeTest openBrowser" time="0.0">
    <ignored/>
  </testcase> <!-- @BeforeTest openBrowser -->
  <testcase classname="com.crm.generic.BaseClass" name="@BeforeTest openBrowser" time="0.0">
    <ignored/>
  </testcase> <!-- @BeforeTest openBrowser -->
</testsuite> <!-- Default test -->
